aaaaaaaaaaaaaaaa
bbbbbbbbb
cccccccccccccccccccccccccccccccccccccc
ddddddddd
eeeeeeee
fffffffffffffff
gggggggggggggggggggggggggg
hhhhhhhhhhhhhh
iiiiiiiiiiii
jjjjjjjjjjjjjj
kkkkkkkkkkkkkkkkkkk
lllllllll
mmmmmmmmmmmmmmmmmmmmmmmmmmm
nnnnnnnnnnnnnnn
ooooooooooooooooooo
pppppppppppppppppp
qqqqqqqqqqqqq
rrrrrrrrrrrrrrrrrrrrrrrrrrr
ssssssssssssssss
tttttttttttttttttttttttt
uuuuuuuuuuuuuuuu
vvvvvvvvvvv
wwwwwwwwwwwwwwwwwwww
xxxxxxxxxxxxxx
yyyyyyyyyyyyyyyyyyyyyyyyyyyyy
zzzzzzzzzzzzzzzzzzzzzzz